<?xml version="1.0" encoding="UTF-8"?>
<!-- Generated by org.testng.reporters.JUnitReportReporter -->
<testsuite hostname="BLRAKU22412409" name="com.mgm.main.TestDriver" tests="1" failures="0" timestamp="27 Jul 2016 12:16:52 GMT" time="417.757" errors="0">
  <testcase name="callMainTest" time="417.757" classname="com.mgm.main.TestDriver"/>
</testsuite> <!-- com.mgm.main.TestDriver -->
